## Footprint report - date 06/12/17 23:08:25
## Created by Pcbnew version kicad 4.0.5
## Unit = mm, Angle = deg.

$BeginDESCRIPTION

$BOARD
upper_left_corner 70.493819 57.049599
lower_right_corner 143.016041 111.595001
$EndBOARD

$MODULE "C1"
reference "C1"
value "4uF"
footprint "Capacitors_THT:C_Axial_L12.0mm_D6.5mm_P15.00mm_Horizontal"
attribut none
position 76.476860 67.068700  orientation 270.00
layer front
$PAD "1"
Shape Circle Layer both
position  0.000000  0.000000  size  1.600000  1.600000  orientation 0.00
drill  0.800000
shape_offset  0.000000  0.000000
$EndPAD
$PAD "2"
Shape Oval Layer both
position 15.000000  0.000000  size  1.600000  1.600000  orientation 0.00
drill  0.800000
shape_offset  0.000000  0.000000
$EndPAD
$EndMODULE  C1

$MODULE "C2"
reference "C2"
value "100nF"
footprint "Capacitors_THT:CP_Axial_L11.0mm_D8.0mm_P15.00mm_Horizontal"
attribut none
position 113.280000 77.090000  orientation 270.00
layer front
$PAD "1"
Shape Rect Layer both
position  0.000000  0.000000  size  2.000000  2.000000  orientation 0.00
drill  1.000000
shape_offset  0.000000  0.000000
$EndPAD
$PAD "2"
Shape Oval Layer both
position 15.000000  0.000000  size  2.000000  2.000000  orientation 0.00
drill  1.000000
shape_offset  0.000000  0.000000
$EndPAD
$EndMODULE  C2

$MODULE "C3"
reference "C3"
value "4UF"
footprint "Capacitors_THT:C_Axial_L12.0mm_D6.5mm_P15.00mm_Horizontal"
attribut none
position 131.130000 86.230000  orientation 270.00
layer front
$PAD "1"
Shape Circle Layer both
position  0.000000  0.000000  size  1.600000  1.600000  orientation 0.00
drill  0.800000
shape_offset  0.000000  0.000000
$EndPAD
$PAD "2"
Shape Oval Layer both
position 15.000000  0.000000  size  1.600000  1.600000  orientation 0.00
drill  0.800000
shape_offset  0.000000  0.000000
$EndPAD
$EndMODULE  C3

$MODULE "D1"
reference "D1"
value "1N4148"
footprint "Diodes_THT:Diode_DO-35_SOD27_Horizontal_RM10"
attribut none
position 129.970000 73.960000  orientation 180.00
layer front
$PAD "2"
Shape Circle Layer both
position 10.160520 -0.002540  size  1.699260  1.699260  orientation -180.00
drill  0.701040
shape_offset  0.000000  0.000000
$EndPAD
$PAD "1"
Shape Rect Layer both
position  0.000520 -0.002540  size  1.699260  1.699260  orientation -180.00
drill  0.701040
shape_offset  0.000000  0.000000
$EndPAD
$EndMODULE  D1

$MODULE "D2"
reference "D2"
value "LED"
footprint "LEDs:LED_D3.0mm_Horizontal_O1.27mm_Z6.0mm"
attribut none
position 76.545440 92.118180  orientation 0.00
layer front
$PAD "1"
Shape Rect Layer both
position  0.000000  0.000000  size  1.800000  1.800000  orientation 0.00
drill  0.900000
shape_offset  0.000000  0.000000
$EndPAD
$PAD "2"
Shape Circle Layer both
position  2.540000  0.000000  size  1.800000  1.800000  orientation 0.00
drill  0.900000
shape_offset  0.000000  0.000000
$EndPAD
$EndMODULE  D2

$MODULE "IC1"
reference "IC1"
value "TL431"
footprint "THT-TL431:THT-TL431"
attribut none
position 99.941380 80.256380  orientation 180.00
layer front
$PAD "1"
Shape Circle Layer both
position -2.540000  0.000000  size  1.524000  1.524000  orientation 0.00
drill  0.762000
shape_offset  0.000000  0.000000
$EndPAD
$PAD "2"
Shape Circle Layer both
position  2.540000  0.000000  size  1.524000  1.524000  orientation 0.00
drill  0.762000
shape_offset  0.000000  0.000000
$EndPAD
$PAD "~"
Shape Circle Layer both
position  0.000000 -2.540000  size  1.524000  1.524000  orientation 0.00
drill  0.762000
shape_offset  0.000000  0.000000
$EndPAD
$PAD ""
Shape Rect Layer front
position  0.000000  0.000000  size  3.000000  3.000000  orientation 0.00
drill  0.000000
shape_offset  0.000000  0.000000
$EndPAD
$EndMODULE  IC1

$MODULE "Q1"
reference "Q1"
value "BC327"
footprint "Transistors_OldSowjetAera:OldSowjetaera_Transistor_Type-I_BigPads"
attribut none
position 86.629240 73.469500  orientation 180.00
layer front
$PAD "2"
Shape Oval Layer both
position  0.000000  0.000000  size  1.400000  2.500000  orientation 0.00
drill  0.800000
shape_offset  0.000000  0.000000
$EndPAD
$PAD "1"
Shape Oval Layer both
position -2.000000  0.000000  size  1.400000  2.500000  orientation 0.00
drill  0.800000
shape_offset  0.000000  0.000000
$EndPAD
$PAD "3"
Shape Oval Layer both
position  2.000000  0.000000  size  1.400000  2.500000  orientation 0.00
drill  0.800000
shape_offset  0.000000  0.000000
$EndPAD
$EndMODULE  Q1

$MODULE "Q3"
reference "Q3"
value "BC327"
footprint "Transistors_OldSowjetAera:OldSowjetaera_Transistor_Type-I_BigPads"
attribut none
position 125.060000 63.760000  orientation 90.00
layer front
$PAD "2"
Shape Oval Layer both
position  0.000000  0.000000  size  1.400000  2.500000  orientation 0.00
drill  0.800000
shape_offset  0.000000  0.000000
$EndPAD
$PAD "1"
Shape Oval Layer both
position -2.000000  0.000000  size  1.400000  2.500000  orientation 0.00
drill  0.800000
shape_offset  0.000000  0.000000
$EndPAD
$PAD "3"
Shape Oval Layer both
position  2.000000  0.000000  size  1.400000  2.500000  orientation 0.00
drill  0.800000
shape_offset  0.000000  0.000000
$EndPAD
$EndMODULE  Q3

$MODULE "Q4"
reference "Q4"
value "TIP41"
footprint "Transistors_OldSowjetAera:OldSowjetaera_Transistor_Type-II_SmallPads"
attribut none
position 135.930000 79.030000  orientation 90.00
layer front
$PAD "2"
Shape Circle Layer both
position  0.000000 -2.000000  size  1.400000  1.400000  orientation 0.00
drill  0.800000
shape_offset  0.000000  0.000000
$EndPAD
$PAD "1"
Shape Circle Layer both
position -2.000000  0.000000  size  1.400000  1.400000  orientation 0.00
drill  0.800000
shape_offset  0.000000  0.000000
$EndPAD
$PAD "3"
Shape Circle Layer both
position  2.000000  0.000000  size  1.400000  1.400000  orientation 0.00
drill  0.800000
shape_offset  0.000000  0.000000
$EndPAD
$EndMODULE  Q4

$MODULE "R1"
reference "R1"
value "100"
footprint "Resistors_THT:R_Axial_DIN0207_L6.3mm_D2.5mm_P10.16mm_Horizontal"
attribut none
position 76.390500 62.727840  orientation 0.00
layer front
$PAD "1"
Shape Circle Layer both
position  0.000000  0.000000  size  1.600000  1.600000  orientation 0.00
drill  0.800000
shape_offset  0.000000  0.000000
$EndPAD
$PAD "2"
Shape Oval Layer both
position 10.160000  0.000000  size  1.600000  1.600000  orientation 0.00
drill  0.800000
shape_offset  0.000000  0.000000
$EndPAD
$EndMODULE  R1

$MODULE "R2"
reference "R2"
value "330"
footprint "Resistors_THT:R_Axial_DIN0309_L9.0mm_D3.2mm_P12.70mm_Horizontal"
attribut none
position 84.602320 86.939120  orientation 270.00
layer front
$PAD "1"
Shape Circle Layer both
position  0.000000  0.000000  size  1.600000  1.600000  orientation 0.00
drill  0.800000
shape_offset  0.000000  0.000000
$EndPAD
$PAD "2"
Shape Oval Layer both
position 12.700000  0.000000  size  1.600000  1.600000  orientation 0.00
drill  0.800000
shape_offset  0.000000  0.000000
$EndPAD
$EndMODULE  R2

$MODULE "R3"
reference "R3"
value "1k"
footprint "Resistors_THT:R_Axial_DIN0207_L6.3mm_D2.5mm_P7.62mm_Horizontal"
attribut none
position 95.811340 67.022980  orientation 270.00
layer front
$PAD "1"
Shape Circle Layer both
position  0.000000  0.000000  size  1.600000  1.600000  orientation 0.00
drill  0.800000
shape_offset  0.000000  0.000000
$EndPAD
$PAD "2"
Shape Oval Layer both
position  7.620000  0.000000  size  1.600000  1.600000  orientation 0.00
drill  0.800000
shape_offset  0.000000  0.000000
$EndPAD
$EndMODULE  R3

$MODULE "R4"
reference "R4"
value "2k"
footprint "Resistors_THT:R_Axial_DIN0309_L9.0mm_D3.2mm_P5.08mm_Vertical"
attribut none
position 125.260000 80.720000  orientation 180.00
layer front
$PAD "1"
Shape Circle Layer both
position  0.000000  0.000000  size  1.600000  1.600000  orientation 0.00
drill  0.800000
shape_offset  0.000000  0.000000
$EndPAD
$PAD "2"
Shape Oval Layer both
position  5.080000  0.000000  size  1.600000  1.600000  orientation 0.00
drill  0.800000
shape_offset  0.000000  0.000000
$EndPAD
$EndMODULE  R4

$MODULE "R5"
reference "R5"
value "2k"
footprint "Resistors_THT:R_Axial_DIN0204_L3.6mm_D1.6mm_P5.08mm_Vertical"
attribut none
position 113.230000 94.980000  orientation 270.00
layer front
$PAD "1"
Shape Circle Layer both
position  0.000000  0.000000  size  1.400000  1.400000  orientation 0.00
drill  0.700000
shape_offset  0.000000  0.000000
$EndPAD
$PAD "2"
Shape Oval Layer both
position  5.080000  0.000000  size  1.400000  1.400000  orientation 0.00
drill  0.700000
shape_offset  0.000000  0.000000
$EndPAD
$EndMODULE  R5

$MODULE "R6"
reference "R6"
value "2k"
footprint "Resistors_THT:R_Axial_DIN0309_L9.0mm_D3.2mm_P5.08mm_Vertical"
attribut none
position 122.420000 87.030000  orientation 270.00
layer front
$PAD "1"
Shape Circle Layer both
position  0.000000  0.000000  size  1.600000  1.600000  orientation 0.00
drill  0.800000
shape_offset  0.000000  0.000000
$EndPAD
$PAD "2"
Shape Oval Layer both
position  5.080000  0.000000  size  1.600000  1.600000  orientation 0.00
drill  0.800000
shape_offset  0.000000  0.000000
$EndPAD
$EndMODULE  R6

$MODULE "R7"
reference "R7"
value "2k"
footprint "Resistors_THT:R_Axial_DIN0309_L9.0mm_D3.2mm_P5.08mm_Vertical"
attribut none
position 90.457020 85.925660  orientation 270.00
layer front
$PAD "1"
Shape Circle Layer both
position  0.000000  0.000000  size  1.600000  1.600000  orientation 0.00
drill  0.800000
shape_offset  0.000000  0.000000
$EndPAD
$PAD "2"
Shape Oval Layer both
position  5.080000  0.000000  size  1.600000  1.600000  orientation 0.00
drill  0.800000
shape_offset  0.000000  0.000000
$EndPAD
$EndMODULE  R7

$MODULE "R8"
reference "R8"
value "2k"
footprint "Resistors_THT:R_Axial_DIN0309_L9.0mm_D3.2mm_P5.08mm_Vertical"
attribut none
position 137.240000 69.570000  orientation 180.00
layer front
$PAD "1"
Shape Circle Layer both
position  0.000000  0.000000  size  1.600000  1.600000  orientation 0.00
drill  0.800000
shape_offset  0.000000  0.000000
$EndPAD
$PAD "2"
Shape Oval Layer both
position  5.080000  0.000000  size  1.600000  1.600000  orientation 0.00
drill  0.800000
shape_offset  0.000000  0.000000
$EndPAD
$EndMODULE  R8

$MODULE "R9"
reference "R9"
value "1"
footprint "Resistors_THT:R_Axial_DIN0204_L3.6mm_D1.6mm_P5.08mm_Horizontal"
attribut none
position 100.990000 63.740000  orientation 0.00
layer front
$PAD "1"
Shape Circle Layer both
position  0.000000  0.000000  size  1.400000  1.400000  orientation 0.00
drill  0.700000
shape_offset  0.000000  0.000000
$EndPAD
$PAD "2"
Shape Oval Layer both
position  5.080000  0.000000  size  1.400000  1.400000  orientation 0.00
drill  0.700000
shape_offset  0.000000  0.000000
$EndPAD
$EndMODULE  R9

$MODULE "VR1"
reference "VR1"
value "1k"
footprint "Potentiometers:Potentiometer_Alps_RK097_Single_Vertical"
attribut none
position 97.260000 91.120000  orientation 270.00
layer front
$PAD "3"
Shape Circle Layer both
position  0.000000 -5.000000  size  1.800000  1.800000  orientation 0.00
drill  1.000000
shape_offset  0.000000  0.000000
$EndPAD
$PAD "2"
Shape Circle Layer both
position  0.000000 -2.500000  size  1.800000  1.800000  orientation 0.00
drill  1.000000
shape_offset  0.000000  0.000000
$EndPAD
$PAD "1"
Shape Circle Layer both
position  0.000000  0.000000  size  1.800000  1.800000  orientation 0.00
drill  1.000000
shape_offset  0.000000  0.000000
$EndPAD
$EndMODULE  VR1

$MODULE "Q2"
reference "Q2"
value "BC327"
footprint "Transistors_OldSowjetAera:OldSowjetaera_Transistor_Type-II_SmallPads"
attribut none
position 113.030000 69.720000  orientation 90.00
layer front
$PAD "2"
Shape Circle Layer both
position  0.000000 -2.000000  size  1.400000  1.400000  orientation 0.00
drill  0.800000
shape_offset  0.000000  0.000000
$EndPAD
$PAD "1"
Shape Circle Layer both
position -2.000000  0.000000  size  1.400000  1.400000  orientation 0.00
drill  0.800000
shape_offset  0.000000  0.000000
$EndPAD
$PAD "3"
Shape Circle Layer both
position  2.000000  0.000000  size  1.400000  1.400000  orientation 0.00
drill  0.800000
shape_offset  0.000000  0.000000
$EndPAD
$EndMODULE  Q2

$EndDESCRIPTION
